<?xml version="1.0" encoding="UTF-8"?>
<testng-results skipped="0" failed="0" ignored="0" total="1" passed="1">
  <reporter-output>
  </reporter-output>
  <suite name="Default suite" duration-ms="31298" started-at="2018-11-13T06:13:27Z" finished-at="2018-11-13T06:13:58Z">
    <groups>
    </groups>
    <test name="Default test" duration-ms="31298" started-at="2018-11-13T06:13:27Z" finished-at="2018-11-13T06:13:58Z">
      <class name="com.kalbi.test.regression.TestLogin513266">
        <test-method status="PASS" signature="preCondition()[pri:0, instance:com.kalbi.test.regression.TestLogin513266@2b98378d]" name="preCondition" is-config="true" duration-ms="19814" started-at="2018-11-13T06:13:27Z" finished-at="2018-11-13T06:13:46Z">
          <reporter-output>
          </reporter-output>
        </test-method> <!-- preCondition -->
        <test-method status="PASS" signature="testvalidLoginTC135467()[pri:0, instance:com.kalbi.test.regression.TestLogin513266@2b98378d]" name="testvalidLoginTC135467" duration-ms="11327" started-at="2018-11-13T06:13:46Z" finished-at="2018-11-13T06:13:58Z">
          <reporter-output>
          </reporter-output>
        </test-method> <!-- testvalidLoginTC135467 -->
        <test-method status="PASS" signature="postCondition()[pri:0, instance:com.kalbi.test.regression.TestLogin513266@2b98378d]" name="postCondition" is-config="true" duration-ms="134" started-at="2018-11-13T06:13:58Z" finished-at="2018-11-13T06:13:58Z">
          <reporter-output>
          </reporter-output>
        </test-method> <!-- postCondition -->
      </class> <!-- com.kalbi.test.regression.TestLogin513266 -->
    </test> <!-- Default test -->
  </suite> <!-- Default suite -->
</testng-results>
